2024-01-04 14:54:48,232 INFO     Mediator started at: 04/01/2024 14:54:48

2024-01-04 14:54:48,232 INFO     Metrics to be ignored: 
2024-01-04 14:54:48,232 INFO     Counter/pegged metrics: 
2024-01-04 14:54:48,232 INFO     ifInDiscards
2024-01-04 14:54:48,232 INFO     ifHCOutOctets
2024-01-04 14:54:48,232 INFO     ifOutUcastPkts
2024-01-04 14:54:48,232 INFO     ifHCInOctets
2024-01-04 14:54:48,232 INFO     ifOutDiscards
2024-01-04 14:54:48,232 INFO     ifOutOctets
2024-01-04 14:54:48,232 INFO     ifInUcastPkts
2024-01-04 14:54:48,232 INFO     ifInOctets
2024-01-04 14:54:48,232 DEBUG    Global variables:{'__name__': '__main__', '__doc__': None, '__package__': None, '__loader__': <_frozen_importlib_external.SourceFileLoader object at 0x7f2ad15ebc10>, '__spec__': None, '__annotations__': {}, '__builtins__': <module 'builtins' (built-in)>, '__file__': '/home/jcress/jcress-development/sevone-watson-datachannel-latest/python/./sevone-watson-datachannel.py', '__cached__': None, 'gzip': <module 'gzip' from '/usr/lib64/python3.9/gzip.py'>, 'urllib': <module 'urllib' from '/usr/lib64/python3.9/urllib/__init__.py'>, 'base64': <module 'base64' from '/usr/lib64/python3.9/base64.py'>, 'DatumReader': <class 'avro.io.DatumReader'>, 'logging': <module 'logging' from '/usr/lib64/python3.9/logging/__init__.py'>, 'queue': <module 'queue' from '/usr/lib64/python3.9/queue.py'>, 'socket': <module 'socket' from '/usr/lib64/python3.9/socket.py'>, 'ssl': <module 'ssl' from '/usr/lib64/python3.9/ssl.py'>, 'time': <module 'time' (built-in)>, 'threading': <module 'threading' from '/usr/lib64/python3.9/threading.py'>, 'datetime': <class 'datetime.datetime'>, 'Consumer': <class 'cimpl.Consumer'>, 'KafkaError': <class 'cimpl.KafkaError'>, 'Producer': <class 'cimpl.Producer'>, 'AdminClient': <class 'confluent_kafka.admin.AdminClient'>, 'io': <module 'io' from '/usr/lib64/python3.9/io.py'>, 'json': <module 'json' from '/usr/lib64/python3.9/json/__init__.py'>, 'os': <module 'os' from '/usr/lib64/python3.9/os.py'>, 'sys': <module 'sys' (built-in)>, 're': <module 're' from '/usr/lib64/python3.9/re.py'>, 'signal': <module 'signal' from '/usr/lib64/python3.9/signal.py'>, 'writeZipFile': <function writeZipFile at 0x7f2ad10db3a0>, 'shutdownHandler': <function shutdownHandler at 0x7f2ac2ea8af0>, 'reconfigHandler': <function reconfigHandler at 0x7f2ad0d46f70>, 'loadProperties': <function loadProperties at 0x7f2ad0d47040>, 'loadMetricsIgnore': <function loadMetricsIgnore at 0x7f2ad0d470d0>, 'loadCounters': <function loadCounters at 0x7f2ad0d47160>, 'acked': <function acked at 0x7f2ad0d471f0>, 'produceMetric': <function produceMetric at 0x7f2ad0d47280>, 'postMetric': <function postMetric at 0x7f2ad0d47310>, 'logTimeDelta': <function logTimeDelta at 0x7f2ad0d473a0>, 'logTimeDeltaCron': <function logTimeDeltaCron at 0x7f2ad0d47430>, 'fastAvroDecode': <function fastAvroDecode at 0x7f2ad0d474c0>, 'translateToWatsonMetric': <function translateToWatsonMetric at 0x7f2ad0d47550>, 'writeRawJson': <function writeRawJson at 0x7f2ad0d475e0>, 'publishMetric': <function publishMetric at 0x7f2ad0d47670>, 'restQueueReader': <function restQueueReader at 0x7f2ad0d47700>, 'sdbReader': <function sdbReader at 0x7f2ad0d47790>, 'setupFilePaths': <function setupFilePaths at 0x7f2ad0d47820>, 'setupLogging': <function setupLogging at 0x7f2ad0d478b0>, 'configProperties': <function configProperties at 0x7f2ad0d47940>, 'mediatorBinDir': '/home/jcress/jcress-development/sevone-watson-datachannel-latest/python/./sevone-watson-datachannel.py', 'mediatorHome': '/home/jcress/jcress-development/sevone-watson-datachannel-latest', 'ignoreMetrics': set(), 'counterMetrics': {'ifInDiscards', 'ifHCOutOctets', 'ifOutUcastPkts', 'ifHCInOctets', 'ifOutDiscards', 'ifOutOctets', 'ifInUcastPkts', 'ifInOctets'}, 'sevOneKafkaDataFormat': 'JSON', 'sevOneKafkaTopicName': 'sdb', 'sevOneKafkaServers': 'localhost:9092', 'sevOneKafkaSSL': 'false', 'watsonProductTarget': 'aiops', 'publishType': 'rest', 'watsonKafkaServers': 'watsonserver:9092', 'watsonKafkaTopicName': 'metrics', 'watsonKafkaSSL': 'false', 'watsonMetricGroup': 'sevone', 'watsonTopicName': 'SEVONE', 'watsonTopicAggInterval': '5', 'watsonTenantId': 'cfd95b7e-3bc7-4006-a4a8-a73a79c71255', 'watsonRestRoute': 'https://localhost/aiops/api/app/metric-api-v1/metrics', 'watsonUser': 'system', 'watsonApiKey': 'xxxyyyzzz', 'restMediationServiceAuthentication': 'true', 'restMediationServiceUsername': 'system', 'restMediationServicePassword': 'pi-rest-mediation-password', 'restMediationServiceProtocol': 'http', 'restMediationServiceHost': 'localhost', 'restMediationServicePort': '8197', 'logUniqueIndicators': 'false', 'logUniqueResources': 'false', 'loggingLevel': 'DEBUG', 'logRawJson': 'false', 'datachannelProps': {'sevOneKafkaDataFormat': 'JSON', 'sevOneKafkaTopicName': 'sdb', 'sevOneKafkaServers': 'localhost:9092', 'sevOneKafkaSSL': 'false', 'watsonProductTarget': 'aiops', 'publishType': 'rest', 'watsonKafkaServers': 'watsonserver:9092', 'watsonKafkaTopicName': 'metrics', 'watsonKafkaSSL': 'false', 'watsonMetricGroup': 'sevone', 'watsonTopicName': 'SEVONE', 'watsonTopicAggInterval': '5', 'watsonTenantId': 'cfd95b7e-3bc7-4006-a4a8-a73a79c71255', 'watsonRestRoute': 'https://localhost/aiops/api/app/metric-api-v1/metrics', 'watsonUser': 'system', 'watsonApiKey': 'xxxyyyzzz', 'restMediationServiceAuthentication': 'true', 'restMediationServiceUsername': 'system', 'restMediationServicePassword': 'pi-rest-mediation-password', 'restMediationServiceProtocol': 'http', 'restMediationServiceHost': 'localhost', 'restMediationServicePort': '8197', 'logUniqueIndicators': 'false', 'logUniqueResources': 'false', 'loggingLevel': 'DEBUG', 'logRawJson': 'false'}}
2024-01-04 14:54:48,232 DEBUG    datachannelProps: {'sevOneKafkaDataFormat': 'JSON', 'sevOneKafkaTopicName': 'sdb', 'sevOneKafkaServers': 'localhost:9092', 'sevOneKafkaSSL': 'false', 'watsonProductTarget': 'aiops', 'publishType': 'rest', 'watsonKafkaServers': 'watsonserver:9092', 'watsonKafkaTopicName': 'metrics', 'watsonKafkaSSL': 'false', 'watsonMetricGroup': 'sevone', 'watsonTopicName': 'SEVONE', 'watsonTopicAggInterval': '5', 'watsonTenantId': 'cfd95b7e-3bc7-4006-a4a8-a73a79c71255', 'watsonRestRoute': 'https://localhost/aiops/api/app/metric-api-v1/metrics', 'watsonUser': 'system', 'watsonApiKey': 'xxxyyyzzz', 'restMediationServiceAuthentication': 'true', 'restMediationServiceUsername': 'system', 'restMediationServicePassword': 'pi-rest-mediation-password', 'restMediationServiceProtocol': 'http', 'restMediationServiceHost': 'localhost', 'restMediationServicePort': '8197', 'logUniqueIndicators': 'false', 'logUniqueResources': 'false', 'loggingLevel': 'DEBUG', 'logRawJson': 'false'}
2024-01-04 14:54:48,232 DEBUG    sevOneKafkaServers = localhost:9092
2024-01-04 14:54:48,232 DEBUG    restMediationServiceAuthentication is true
2024-01-04 14:54:48,232 DEBUG    REST authentication required
2024-01-04 14:54:48,232 DEBUG    Auth header is: Basic c3lzdGVtOnBpLXJlc3QtbWVkaWF0aW9uLXBhc3N3b3Jk
2024-01-04 14:54:48,232 DEBUG    watsonTopicAggInterval = 5
2024-01-04 14:54:48,232 DEBUG    sevOneKafkaTopicName = sdb
2024-01-04 14:54:48,232 DEBUG    datachannel product target is: aiops
2024-01-04 14:54:48,232 DEBUG    AIOps tenant id is: cfd95b7e-3bc7-4006-a4a8-a73a79c71255
2024-01-04 14:54:48,232 INFO     SevOne Data Bus Kafka SSL not requested
2024-01-04 14:54:48,232 DEBUG    sevOneKafkaDataFormat = JSON
2024-01-04 14:54:48,232 DEBUG    Validate publisher type and if Kafka, configure Kafka properties, and if REST, start a restQueueThread
2024-01-04 14:54:48,232 DEBUG    publishType is 'rest', let's start a restQueueThread
2024-01-04 14:54:48,232 DEBUG    SevOne SDB Kafka connection does not require SSL
2024-01-04 14:54:48,232 DEBUG    kafka settings are: {'bootstrap.servers': 'localhost:9092', 'group.id': 'waiopsMetric-Restgroup', 'client.id': 'waiopsMetric-Restclient-1@mediaserv', 'enable.auto.commit': False, 'session.timeout.ms': 6000, 'socket.timeout.ms': 3000, 'default.topic.config': {'auto.offset.reset': 'latest'}}
2024-01-04 14:54:48,233 DEBUG    Verifying SevOne kafka topic - listing topics
2024-01-04 14:54:48,235 DEBUG    Successfully listed topics in SevOne kafka. Topics returned: {'sdb': TopicMetadata(sdb, 3 partitions), '__consumer_offsets': TopicMetadata(__consumer_offsets, 50 partitions)}
2024-01-04 14:54:48,236 DEBUG    Subscribing to SevOne kafka topic
2024-01-04 14:54:48,236 DEBUG    SevOne Kafka Topic available.
2024-01-04 14:54:48,236 INFO     Starting datachannel, 12 seconds to next interval...
